<?xml version="1.0" encoding="UTF-8" ?>
<testsuite failures="0" time="0.04" errors="0" skipped="27" tests="37" name="org.ihtsdo.ttk.api.ConcurrentBitSetTest">
  <properties>
[...]
</properties>
  <testcase time="0.003" classname="org.ihtsdo.ttk.api.ConcurrentBitSetTest" name="testNextSetBit"/>
  <testcase time="0.004" classname="org.ihtsdo.ttk.api.ConcurrentBitSetTest" name="testClear_0args">
    <skipped/>
  </testcase>
  <testcase time="0.004" classname="org.ihtsdo.ttk.api.ConcurrentBitSetTest" name="testGetIterator">
    <skipped/>
  </testcase>
  <testcase time="0.004" classname="org.ihtsdo.ttk.api.ConcurrentBitSetTest" name="testToLongArray_0args">
    <skipped/>
  </testcase>
  <testcase time="0.001" classname="org.ihtsdo.ttk.api.ConcurrentBitSetTest" name="testAdd"/>
  <testcase time="0" classname="org.ihtsdo.ttk.api.ConcurrentBitSetTest" name="testGet"/>
  <testcase time="0" classname="org.ihtsdo.ttk.api.ConcurrentBitSetTest" name="testOr_ConcurrentBitSet">
    <skipped/>
  </testcase>
  <testcase time="0.001" classname="org.ihtsdo.ttk.api.ConcurrentBitSetTest" name="testUnion">
    <skipped/>
  </testcase>
  <testcase time="0" classname="org.ihtsdo.ttk.api.ConcurrentBitSetTest" name="testSize"/>
  <testcase time="0" classname="org.ihtsdo.ttk.api.ConcurrentBitSetTest" name="testOr_NativeIdSetBI">
    <skipped/>
  </testcase>
  <testcase time="0" classname="org.ihtsdo.ttk.api.ConcurrentBitSetTest" name="testAndNot_NativeIdSetBI">
    <skipped/>
  </testcase>
  <testcase time="0.001" classname="org.ihtsdo.ttk.api.ConcurrentBitSetTest" name="testSetNotMember">
    <skipped/>
  </testcase>
  <testcase time="0.001" classname="org.ihtsdo.ttk.api.ConcurrentBitSetTest" name="testClear_int">
    <skipped/>
  </testcase>
  <testcase time="0.001" classname="org.ihtsdo.ttk.api.ConcurrentBitSetTest" name="testContiguous">
    <skipped/>
  </testcase>
  <testcase time="0.001" classname="org.ihtsdo.ttk.api.ConcurrentBitSetTest" name="testToIntArray_0args">
    <skipped/>
  </testcase>
  <testcase time="0.002" classname="org.ihtsdo.ttk.api.ConcurrentBitSetTest" name="testAnd_ConcurrentBitSet">
    <skipped/>
  </testcase>
  <testcase time="0" classname="org.ihtsdo.ttk.api.ConcurrentBitSetTest" name="testContains"/>
  <testcase time="0" classname="org.ihtsdo.ttk.api.ConcurrentBitSetTest" name="testCardinality">
    <skipped/>
  </testcase>
  <testcase time="0" classname="org.ihtsdo.ttk.api.ConcurrentBitSetTest" name="testAndNot_ConcurrentBitSet"/>
  <testcase time="0" classname="org.ihtsdo.ttk.api.ConcurrentBitSetTest" name="testIsMember"/>
  <testcase time="0.001" classname="org.ihtsdo.ttk.api.ConcurrentBitSetTest" name="testSet_int_boolean">
    <skipped/>
  </testcase>
  <testcase time="0.001" classname="org.ihtsdo.ttk.api.ConcurrentBitSetTest" name="testToLongArray_longArr_int">
    <skipped/>
  </testcase>
  <testcase time="0.002" classname="org.ihtsdo.ttk.api.ConcurrentBitSetTest" name="testToIntArray_intArr_int">
    <skipped/>
  </testcase>
  <testcase time="0.002" classname="org.ihtsdo.ttk.api.ConcurrentBitSetTest" name="testAnd_NativeIdSetBI">
    <skipped/>
  </testcase>
  <testcase time="0" classname="org.ihtsdo.ttk.api.ConcurrentBitSetTest" name="testSetMember"/>
  <testcase time="0.001" classname="org.ihtsdo.ttk.api.ConcurrentBitSetTest" name="testXor_NativeIdSetBI">
    <skipped/>
  </testcase>
  <testcase time="0.001" classname="org.ihtsdo.ttk.api.ConcurrentBitSetTest" name="testAddAll">
    <skipped/>
  </testcase>
  <testcase time="0.001" classname="org.ihtsdo.ttk.api.ConcurrentBitSetTest" name="testGetMax">
    <skipped/>
  </testcase>
  <testcase time="0.002" classname="org.ihtsdo.ttk.api.ConcurrentBitSetTest" name="testGetMin">
    <skipped/>
  </testcase>
  <testcase time="0.002" classname="org.ihtsdo.ttk.api.ConcurrentBitSetTest" name="testXor_ConcurrentBitSet">
    <skipped/>
  </testcase>
  <testcase time="0.001" classname="org.ihtsdo.ttk.api.ConcurrentBitSetTest" name="testClearAll"/>
  <testcase time="0.001" classname="org.ihtsdo.ttk.api.ConcurrentBitSetTest" name="testLength">
    <skipped/>
  </testcase>
  <testcase time="0.001" classname="org.ihtsdo.ttk.api.ConcurrentBitSetTest" name="testSet_int">
    <skipped/>
  </testcase>
  <testcase time="0.001" classname="org.ihtsdo.ttk.api.ConcurrentBitSetTest" name="testIsEmpty">
    <skipped/>
  </testcase>
  <testcase time="0" classname="org.ihtsdo.ttk.api.ConcurrentBitSetTest" name="testGetSetValues"/>
  <testcase time="0" classname="org.ihtsdo.ttk.api.ConcurrentBitSetTest" name="testRemove">
    <skipped/>
  </testcase>
  <testcase time="0" classname="org.ihtsdo.ttk.api.ConcurrentBitSetTest" name="testRemoveAll">
    <skipped/>
  </testcase>
</testsuite>