# JRE version: Java(TM) SE Runtime Environment (8.0_151-b12) (build 1.8.0_151-b12)
# Java VM: Java HotSpot(TM) 64-Bit Server VM (25.151-b12 mixed mode bsd-amd64 compressed oops)
Heap:
 PSYoungGen      total 2578944K, used 94687K [0x0000000715580000, 0x00000007c0000000, 0x00000007c0000000)
  eden space 2373632K, 0% used [0x0000000715580000,0x0000000715580000,0x00000007a6380000)
  from space 205312K, 46% used [0x00000007a6380000,0x00000007abff7e48,0x00000007b2c00000)
  to   space 194560K, 0% used [0x00000007b4200000,0x00000007b4200000,0x00000007c0000000)
 ParOldGen       total 5592576K, used 457952K [0x00000005c0000000, 0x0000000715580000, 0x0000000715580000)
  object space 5592576K, 8% used [0x00000005c0000000,0x00000005dbf38278,0x0000000715580000)
 Metaspace       used 92782K, capacity 96090K, committed 96384K, reserved 1134592K
  class space    used 10993K, capacity 11798K, committed 11904K, reserved 1048576K
GC Heap History (10 events):
Event: 91.218 GC heap after
Heap after GC invocations=15 (full 4):
 PSYoungGen      total 2563072K, used 95799K [0x0000000715580000, 0x00000007c0000000, 0x00000007c0000000)
  eden space 2341376K, 0% used [0x0000000715580000,0x0000000715580000,0x00000007a4400000)
  from space 221696K, 43% used [0x00000007a4400000,0x00000007aa18df18,0x00000007b1c80000)
  to   space 212480K, 0% used [0x00000007b3080000,0x00000007b3080000,0x00000007c0000000)
 ParOldGen       total 5592576K, used 457279K [0x00000005c0000000, 0x0000000715580000, 0x0000000715580000)
  object space 5592576K, 8% used [0x00000005c0000000,0x00000005dbe8fde0,0x0000000715580000)
 Metaspace       used 91729K, capacity 94792K, committed 94848K, reserved 1132544K
  class space    used 10885K, capacity 11644K, committed 11648K, reserved 1048576K
}
Event: 96.107 GC heap before
{Heap before GC invocations=16 (full 4):
 PSYoungGen      total 2563072K, used 2437175K [0x0000000715580000, 0x00000007c0000000, 0x00000007c0000000)
  eden space 2341376K, 100% used [0x0000000715580000,0x00000007a4400000,0x00000007a4400000)
  from space 221696K, 43% used [0x00000007a4400000,0x00000007aa18df18,0x00000007b1c80000)
  to   space 212480K, 0% used [0x00000007b3080000,0x00000007b3080000,0x00000007c0000000)
 ParOldGen       total 5592576K, used 457936K [0x00000005c0000000, 0x0000000715580000, 0x0000000715580000)
  object space 5592576K, 8% used [0x00000005c0000000,0x00000005dbf34278,0x0000000715580000)
 Metaspace       used 92056K, capacity 95238K, committed 95488K, reserved 1132544K
  class space    used 10909K, capacity 11674K, committed 11776K, reserved 1048576K
Event: 96.213 GC heap after
Heap after GC invocations=16 (full 4):
 PSYoungGen      total 2569216K, used 138156K [0x0000000715580000, 0x00000007c0000000, 0x00000007c0000000)
  eden space 2356736K, 0% used [0x0000000715580000,0x0000000715580000,0x00000007a5300000)
  from space 212480K, 65% used [0x00000007b3080000,0x00000007bb76b020,0x00000007c0000000)
  to   space 219648K, 0% used [0x00000007a5300000,0x00000007a5300000,0x00000007b2980000)
 ParOldGen       total 5592576K, used 457944K [0x00000005c0000000, 0x0000000715580000, 0x0000000715580000)
  object space 5592576K, 8% used [0x00000005c0000000,0x00000005dbf36278,0x0000000715580000)
 Metaspace       used 92056K, capacity 95238K, committed 95488K, reserved 1132544K
  class space    used 10909K, capacity 11674K, committed 11776K, reserved 1048576K
}
Event: 100.378 GC heap before
{Heap before GC invocations=17 (full 4):
 PSYoungGen      total 2569216K, used 2494892K [0x0000000715580000, 0x00000007c0000000, 0x00000007c0000000)
  eden space 2356736K, 100% used [0x0000000715580000,0x00000007a5300000,0x00000007a5300000)
  from space 212480K, 65% used [0x00000007b3080000,0x00000007bb76b020,0x00000007c0000000)
  to   space 219648K, 0% used [0x00000007a5300000,0x00000007a5300000,0x00000007b2980000)
 ParOldGen       total 5592576K, used 457944K [0x00000005c0000000, 0x0000000715580000, 0x0000000715580000)
  object space 5592576K, 8% used [0x00000005c0000000,0x00000005dbf36278,0x0000000715580000)
 Metaspace       used 92454K, capacity 95668K, committed 95744K, reserved 1132544K
  class space    used 10949K, capacity 11728K, committed 11776K, reserved 1048576K
Event: 100.422 GC heap after
Heap after GC invocations=17 (full 4):
 PSYoungGen      total 2576384K, used 117592K [0x0000000715580000, 0x00000007c0000000, 0x00000007c0000000)
  eden space 2356736K, 0% used [0x0000000715580000,0x0000000715580000,0x00000007a5300000)
  from space 219648K, 53% used [0x00000007a5300000,0x00000007ac5d60c8,0x00000007b2980000)
  to   space 217088K, 0% used [0x00000007b2c00000,0x00000007b2c00000,0x00000007c0000000)
 ParOldGen       total 5592576K, used 457944K [0x00000005c0000000, 0x0000000715580000, 0x0000000715580000)
  object space 5592576K, 8% used [0x00000005c0000000,0x00000005dbf36278,0x0000000715580000)
 Metaspace       used 92454K, capacity 95668K, committed 95744K, reserved 1132544K
  class space    used 10949K, capacity 11728K, committed 11776K, reserved 1048576K
}
Event: 102.220 GC heap before
{Heap before GC invocations=18 (full 4):
 PSYoungGen      total 2576384K, used 2474328K [0x0000000715580000, 0x00000007c0000000, 0x00000007c0000000)
  eden space 2356736K, 100% used [0x0000000715580000,0x00000007a5300000,0x00000007a5300000)
  from space 219648K, 53% used [0x00000007a5300000,0x00000007ac5d60c8,0x00000007b2980000)
  to   space 217088K, 0% used [0x00000007b2c00000,0x00000007b2c00000,0x00000007c0000000)
 ParOldGen       total 5592576K, used 457944K [0x00000005c0000000, 0x0000000715580000, 0x0000000715580000)
  object space 5592576K, 8% used [0x00000005c0000000,0x00000005dbf36278,0x0000000715580000)
 Metaspace       used 92616K, capacity 95882K, committed 96000K, reserved 1134592K
  class space    used 10967K, capacity 11750K, committed 11776K, reserved 1048576K
Event: 102.251 GC heap after
Heap after GC invocations=18 (full 4):
 PSYoungGen      total 2590720K, used 95309K [0x0000000715580000, 0x00000007c0000000, 0x00000007c0000000)
  eden space 2373632K, 0% used [0x0000000715580000,0x0000000715580000,0x00000007a6380000)
  from space 217088K, 43% used [0x00000007b2c00000,0x00000007b89135a0,0x00000007c0000000)
  to   space 205312K, 0% used [0x00000007a6380000,0x00000007a6380000,0x00000007b2c00000)
 ParOldGen       total 5592576K, used 457944K [0x00000005c0000000, 0x0000000715580000, 0x0000000715580000)
  object space 5592576K, 8% used [0x00000005c0000000,0x00000005dbf36278,0x0000000715580000)
 Metaspace       used 92616K, capacity 95882K, committed 96000K, reserved 1134592K
  class space    used 10967K, capacity 11750K, committed 11776K, reserved 1048576K
}
Event: 103.633 GC heap before
{Heap before GC invocations=19 (full 4):
 PSYoungGen      total 2590720K, used 2345347K [0x0000000715580000, 0x00000007c0000000, 0x00000007c0000000)
  eden space 2373632K, 94% used [0x0000000715580000,0x000000079eacda30,0x00000007a6380000)
  from space 217088K, 43% used [0x00000007b2c00000,0x00000007b89135a0,0x00000007c0000000)
  to   space 205312K, 0% used [0x00000007a6380000,0x00000007a6380000,0x00000007b2c00000)
 ParOldGen       total 5592576K, used 457944K [0x00000005c0000000, 0x0000000715580000, 0x0000000715580000)
  object space 5592576K, 8% used [0x00000005c0000000,0x00000005dbf36278,0x0000000715580000)
 Metaspace       used 92782K, capacity 96090K, committed 96384K, reserved 1134592K
  class space    used 10993K, capacity 11798K, committed 11904K, reserved 1048576K
Event: 103.664 GC heap after
Heap after GC invocations=19 (full 4):
 PSYoungGen      total 2578944K, used 94687K [0x0000000715580000, 0x00000007c0000000, 0x00000007c0000000)
  eden space 2373632K, 0% used [0x0000000715580000,0x0000000715580000,0x00000007a6380000)
  from space 205312K, 46% used [0x00000007a6380000,0x00000007abff7e48,0x00000007b2c00000)
  to   space 194560K, 0% used [0x00000007b4200000,0x00000007b4200000,0x00000007c0000000)
 ParOldGen       total 5592576K, used 457952K [0x00000005c0000000, 0x0000000715580000, 0x0000000715580000)
  object space 5592576K, 8% used [0x00000005c0000000,0x00000005dbf38278,0x0000000715580000)
 Metaspace       used 92782K, capacity 96090K, committed 96384K, reserved 1134592K
  class space    used 10993K, capacity 11798K, committed 11904K, reserved 1048576K
}
Event: 103.664 GC heap before
{Heap before GC invocations=20 (full 5):
 PSYoungGen      total 2578944K, used 94687K [0x0000000715580000, 0x00000007c0000000, 0x00000007c0000000)
  eden space 2373632K, 0% used [0x0000000715580000,0x0000000715580000,0x00000007a6380000)
  from space 205312K, 46% used [0x00000007a6380000,0x00000007abff7e48,0x00000007b2c00000)
  to   space 194560K, 0% used [0x00000007b4200000,0x00000007b4200000,0x00000007c0000000)
 ParOldGen       total 5592576K, used 457952K [0x00000005c0000000, 0x0000000715580000, 0x0000000715580000)
  object space 5592576K, 8% used [0x00000005c0000000,0x00000005dbf38278,0x0000000715580000)
 Metaspace       used 92782K, capacity 96090K, committed 96384K, reserved 1134592K
  class space    used 10993K, capacity 11798K, committed 11904K, reserved 1048576K

